{"/Users/aaronglenn/alchemy/career-track/05LabCT/lib/utils/models/bears.js": {"path":"/Users/aaronglenn/alchemy/career-track/05LabCT/lib/utils/models/bears.js","statementMap":{"0":{"start":{"line":1,"column":17},"end":{"line":1,"column":36}},"1":{"start":{"line":3,"column":15},"end":{"line":12,"column":2}},"2":{"start":{"line":14,"column":0},"end":{"line":14,"column":48}}},"fnMap":{},"branchMap":{},"s":{"0":1,"1":1,"2":1},"f":{},"b":{},"_coverageSchema":"43e27e138ebf9cfc5966b082cf9a028302ed4184","hash":"3387299f4791baad76490d1d0f1415786e84bbcd"}
}
