TN:
SF:/Users/aaronglenn/alchemy/career-track/05LabCT/lib/app.js
FN:7,(anonymous_0)
FN:11,(anonymous_1)
FN:17,(anonymous_2)
FN:20,(anonymous_3)
FN:23,(anonymous_4)
FN:26,(anonymous_5)
FN:29,(anonymous_6)
FN:32,(anonymous_7)
FN:35,(anonymous_8)
FN:38,(anonymous_9)
FNF:10
FNH:10
FNDA:1,(anonymous_0)
FNDA:1,(anonymous_1)
FNDA:1,(anonymous_2)
FNDA:1,(anonymous_3)
FNDA:1,(anonymous_4)
FNDA:1,(anonymous_5)
FNDA:1,(anonymous_6)
FNDA:1,(anonymous_7)
FNDA:1,(anonymous_8)
FNDA:1,(anonymous_9)
DA:1,1
DA:2,1
DA:3,1
DA:5,1
DA:7,1
DA:8,1
DA:9,1
DA:12,1
DA:13,1
DA:17,1
DA:18,1
DA:20,1
DA:23,1
DA:24,1
DA:26,1
DA:29,1
DA:30,1
DA:32,1
DA:35,1
DA:36,1
DA:38,1
DA:42,1
LF:22
LH:22
BRF:0
BRH:0
end_of_record
TN:
SF:/Users/aaronglenn/alchemy/career-track/05LabCT/lib/models/bears.js
FNF:0
FNH:0
DA:1,2
DA:3,2
DA:14,2
LF:3
LH:3
BRF:0
BRH:0
end_of_record
TN:
SF:/Users/aaronglenn/alchemy/career-track/05LabCT/lib/utils/connect.js
FN:3,connect
FN:9,(anonymous_1)
FN:13,(anonymous_2)
FNF:3
FNH:2
FNDA:2,connect
FNDA:1,(anonymous_1)
FNDA:0,(anonymous_2)
DA:1,2
DA:4,2
DA:9,2
DA:10,1
DA:13,2
DA:14,0
DA:18,2
LF:7
LH:6
BRF:0
BRH:0
end_of_record
